<?xml version="1.0" encoding="UTF-8" ?>
<testsuite failures="1" time="0.045" errors="0" skipped="0" tests="66" name="test.glib.models.TestLPolyline">
  <properties>
[...]
</properties>
  <testcase time="0.002" classname="test.glib.models.TestLPolyline" name="testConstructor"/>
  <testcase time="0.002" classname="test.glib.models.TestLPolyline" name="testIsArrowable"/>
  <testcase time="0" classname="test.glib.models.TestLPolyline" name="testTranslate"/>
  <testcase time="0.001" classname="test.glib.models.TestLPolyline" name="testScale"/>
  <testcase time="0.001" classname="test.glib.models.TestLPolyline" name="testSetTop"/>
  <testcase time="0" classname="test.glib.models.TestLPolyline" name="testSetBottom"/>
  <testcase time="0.001" classname="test.glib.models.TestLPolyline" name="testSetRight"/>
  <testcase time="0" classname="test.glib.models.TestLPolyline" name="testSetLeft"/>
  <testcase time="0" classname="test.glib.models.TestLPolyline" name="testGetBottomLeftPoint"/>
  <testcase time="0" classname="test.glib.models.TestLPolyline" name="testGetBottomRightPoint"/>
  <testcase time="0" classname="test.glib.models.TestLPolyline" name="testGetTopLeftPoint"/>
  <testcase time="0.001" classname="test.glib.models.TestLPolyline" name="testGetTopRightPoint"/>
  <testcase time="0" classname="test.glib.models.TestLPolyline" name="testMirrorHorizontal"/>
  <testcase time="0" classname="test.glib.models.TestLPolyline" name="testMirrorVertical"/>
  <testcase time="0.001" classname="test.glib.models.TestLPolyline" name="testGetGravityCentre"/>
  <testcase time="0" classname="test.glib.models.TestLPolyline" name="testAddPoint"/>
  <testcase time="0" classname="test.glib.models.TestLPolyline" name="testAddPointAt"/>
  <testcase time="0" classname="test.glib.models.TestLPolyline" name="testRemovePoint"/>
  <testcase time="0" classname="test.glib.models.TestLPolyline" name="testRemovePoint2"/>
  <testcase time="0" classname="test.glib.models.TestLPolyline" name="testSetPoint"/>
  <testcase time="0" classname="test.glib.models.TestLPolyline" name="testSetPoint2"/>
  <testcase time="0.001" classname="test.glib.models.TestLPolyline" name="testReplacePoint"/>
  <testcase time="0" classname="test.glib.models.TestLPolyline" name="testGetPoints"/>
  <testcase time="0.001" classname="test.glib.models.TestLPolyline" name="testCopy">
    <failure message="expected:&lt;net.sf.latexdraw.glib.models.impl.LArrow@259a8416&gt; but was:&lt;net.sf.latexdraw.glib.models.impl.LArrow@4355d3a3&gt;" type="junit.framework.AssertionFailedError">junit.framework.AssertionFailedError: expected:&lt;net.sf.latexdraw.glib.models.impl.LArrow@259a8416&gt; but was:&lt;net.sf.latexdraw.glib.models.impl.LArrow@4355d3a3&gt;
	at junit.framework.Assert.fail(Assert.java:47)
	at junit.framework.Assert.failNotEquals(Assert.java:283)
	at junit.framework.Assert.assertEquals(Assert.java:64)
	at junit.framework.Assert.assertEquals(Assert.java:71)
	at test.glib.models.interfaces.TestIShape.testCopy(TestIShape.java:192)
	at sun.reflect.NativeMethodAccessorImpl.invoke0(Native Method)
	at sun.reflect.NativeMethodAccessorImpl.invoke(NativeMethodAccessorImpl.java:39)
	at sun.reflect.DelegatingMethodAccessorImpl.invoke(DelegatingMethodAccessorImpl.java:25)
	at java.lang.reflect.Method.invoke(Method.java:597)
	at junit.framework.TestCase.runTest(TestCase.java:168)
	at junit.framework.TestCase.runBare(TestCase.java:134)
	at junit.framework.TestResult$1.protect(TestResult.java:110)
	at junit.framework.TestResult.runProtected(TestResult.java:128)
	at junit.framework.TestResult.run(TestResult.java:113)
	at junit.framework.TestCase.run(TestCase.java:124)
	at junit.framework.TestSuite.runTest(TestSuite.java:232)
	at junit.framework.TestSuite.run(TestSuite.java:227)
	at org.junit.internal.runners.JUnit38ClassRunner.run(JUnit38ClassRunner.java:83)
	at org.apache.maven.surefire.junit4.JUnit4TestSet.execute(JUnit4TestSet.java:62)
	at org.apache.maven.surefire.suite.AbstractDirectoryTestSuite.executeTestSet(AbstractDirectoryTestSuite.java:140)
	at org.apache.maven.surefire.suite.AbstractDirectoryTestSuite.execute(AbstractDirectoryTestSuite.java:127)
	at org.apache.maven.surefire.Surefire.run(Surefire.java:177)
	at sun.reflect.NativeMethodAccessorImpl.invoke0(Native Method)
	at sun.reflect.NativeMethodAccessorImpl.invoke(NativeMethodAccessorImpl.java:39)
	at sun.reflect.DelegatingMethodAccessorImpl.invoke(DelegatingMethodAccessorImpl.java:25)
	at java.lang.reflect.Method.invoke(Method.java:597)
	at org.apache.maven.surefire.booter.SurefireBooter.runSuitesInProcess(SurefireBooter.java:345)
	at org.apache.maven.surefire.booter.SurefireBooter.main(SurefireBooter.java:1009)
</failure>
  </testcase>
  <testcase time="0.001" classname="test.glib.models.TestLPolyline" name="testIsParametersEquals"/>
  <testcase time="0.001" classname="test.glib.models.TestLPolyline" name="testDuplicate"/>
  <testcase time="0" classname="test.glib.models.TestLPolyline" name="testGetNbPoints"/>
  <testcase time="0.001" classname="test.glib.models.TestLPolyline" name="testGetPtAt"/>
  <testcase time="0" classname="test.glib.models.TestLPolyline" name="testGetShadowGap"/>
  <testcase time="0" classname="test.glib.models.TestLPolyline" name="testGetFullBottomRightPoint"/>
  <testcase time="0.001" classname="test.glib.models.TestLPolyline" name="testGetFullTopLeftPoint"/>
  <testcase time="0" classname="test.glib.models.TestLPolyline" name="testSetHasHatchings"/>
  <testcase time="0" classname="test.glib.models.TestLPolyline" name="testSetHasGradient"/>
  <testcase time="0" classname="test.glib.models.TestLPolyline" name="testGetSetGradColEnd"/>
  <testcase time="0" classname="test.glib.models.TestLPolyline" name="testGetSetGradColStart"/>
  <testcase time="0" classname="test.glib.models.TestLPolyline" name="testGetSetGradAngle"/>
  <testcase time="0" classname="test.glib.models.TestLPolyline" name="testGetSetGradMidPt"/>
  <testcase time="0" classname="test.glib.models.TestLPolyline" name="testGetSetHatchingsSep"/>
  <testcase time="0.001" classname="test.glib.models.TestLPolyline" name="testGetSetHatchingsCol"/>
  <testcase time="0" classname="test.glib.models.TestLPolyline" name="testGetSetHatchingsAngle"/>
  <testcase time="0" classname="test.glib.models.TestLPolyline" name="testGetSetHatchingsWidth"/>
  <testcase time="0" classname="test.glib.models.TestLPolyline" name="testGetSetRotationAngle"/>
  <testcase time="0.001" classname="test.glib.models.TestLPolyline" name="testIsSetShowPts"/>
  <testcase time="0" classname="test.glib.models.TestLPolyline" name="testhasSetDbleBord"/>
  <testcase time="0" classname="test.glib.models.TestLPolyline" name="testGetSetDbleBordCol"/>
  <testcase time="0" classname="test.glib.models.TestLPolyline" name="testGetSetDbleBordSep"/>
  <testcase time="0.001" classname="test.glib.models.TestLPolyline" name="testHasSetShadow"/>
  <testcase time="0" classname="test.glib.models.TestLPolyline" name="testGetSetShadowCol"/>
  <testcase time="0" classname="test.glib.models.TestLPolyline" name="testGetSetShadowAngle"/>
  <testcase time="0" classname="test.glib.models.TestLPolyline" name="testGetArrows"/>
  <testcase time="0.001" classname="test.glib.models.TestLPolyline" name="testGetArrowAt"/>
  <testcase time="0.007" classname="test.glib.models.TestLPolyline" name="testIsSetFilled"/>
  <testcase time="0" classname="test.glib.models.TestLPolyline" name="testSetNewId"/>
  <testcase time="0" classname="test.glib.models.TestLPolyline" name="testAddToRotationAngle"/>
  <testcase time="0.001" classname="test.glib.models.TestLPolyline" name="testGetSetShadowSize"/>
  <testcase time="0" classname="test.glib.models.TestLPolyline" name="testGetSetBorderPosition"/>
  <testcase time="0" classname="test.glib.models.TestLPolyline" name="testGetSetOpacity"/>
  <testcase time="0" classname="test.glib.models.TestLPolyline" name="testGetBorderGap"/>
  <testcase time="0" classname="test.glib.models.TestLPolyline" name="testSetGetThickness"/>
  <testcase time="0" classname="test.glib.models.TestLPolyline" name="testSetGetLineColour"/>
  <testcase time="0" classname="test.glib.models.TestLPolyline" name="testSetGetLineStyle"/>
  <testcase time="0" classname="test.glib.models.TestLPolyline" name="testSetGetDashSepWhite"/>
  <testcase time="0.001" classname="test.glib.models.TestLPolyline" name="testSetGetDashSepBlack"/>
  <testcase time="0" classname="test.glib.models.TestLPolyline" name="testSetGetDotSep"/>
  <testcase time="0" classname="test.glib.models.TestLPolyline" name="testSetGetFillingCol"/>
  <testcase time="0" classname="test.glib.models.TestLPolyline" name="testSetGetFillingStyle"/>
</testsuite>