<?xml version="1.0" encoding="UTF-8" ?>
<testsuite failures="4" time="0.028" errors="0" skipped="0" tests="72" name="test.glib.models.TestLDot">
  <properties>
[...]
</properties>
  <testcase time="0.002" classname="test.glib.models.TestLDot" name="testConstructor1"/>
  <testcase time="0" classname="test.glib.models.TestLDot" name="testConstructor3"/>
  <testcase time="0" classname="test.glib.models.TestLDot" name="testScale"/>
  <testcase time="0.001" classname="test.glib.models.TestLDot" name="testCopy"/>
  <testcase time="0" classname="test.glib.models.TestLDot" name="testIsParametersEquals"/>
  <testcase time="0" classname="test.glib.models.TestLDot" name="testScaleNE"/>
  <testcase time="0" classname="test.glib.models.TestLDot" name="testScaleSE"/>
  <testcase time="0" classname="test.glib.models.TestLDot" name="testScaleSW"/>
  <testcase time="0" classname="test.glib.models.TestLDot" name="testScaleNW"/>
  <testcase time="0" classname="test.glib.models.TestLDot" name="testSetTop"/>
  <testcase time="0.001" classname="test.glib.models.TestLDot" name="testSetBottom"/>
  <testcase time="0" classname="test.glib.models.TestLDot" name="testSetRight"/>
  <testcase time="0" classname="test.glib.models.TestLDot" name="testSetLeft"/>
  <testcase time="0" classname="test.glib.models.TestLDot" name="testGetBottomLeftPoint">
    <failure message="Not yet implemented" type="junit.framework.AssertionFailedError">junit.framework.AssertionFailedError: Not yet implemented
	at junit.framework.Assert.fail(Assert.java:47)
	at test.glib.models.interfaces.TestIDot.testGetBottomLeftPoint(TestIDot.java:107)
	at sun.reflect.NativeMethodAccessorImpl.invoke0(Native Method)
	at sun.reflect.NativeMethodAccessorImpl.invoke(NativeMethodAccessorImpl.java:39)
	at sun.reflect.DelegatingMethodAccessorImpl.invoke(DelegatingMethodAccessorImpl.java:25)
	at java.lang.reflect.Method.invoke(Method.java:597)
	at junit.framework.TestCase.runTest(TestCase.java:168)
	at junit.framework.TestCase.runBare(TestCase.java:134)
	at junit.framework.TestResult$1.protect(TestResult.java:110)
	at junit.framework.TestResult.runProtected(TestResult.java:128)
	at junit.framework.TestResult.run(TestResult.java:113)
	at junit.framework.TestCase.run(TestCase.java:124)
	at junit.framework.TestSuite.runTest(TestSuite.java:232)
	at junit.framework.TestSuite.run(TestSuite.java:227)
	at org.junit.internal.runners.JUnit38ClassRunner.run(JUnit38ClassRunner.java:83)
	at org.apache.maven.surefire.junit4.JUnit4TestSet.execute(JUnit4TestSet.java:62)
	at org.apache.maven.surefire.suite.AbstractDirectoryTestSuite.executeTestSet(AbstractDirectoryTestSuite.java:140)
	at org.apache.maven.surefire.suite.AbstractDirectoryTestSuite.execute(AbstractDirectoryTestSuite.java:127)
	at org.apache.maven.surefire.Surefire.run(Surefire.java:177)
	at sun.reflect.NativeMethodAccessorImpl.invoke0(Native Method)
	at sun.reflect.NativeMethodAccessorImpl.invoke(NativeMethodAccessorImpl.java:39)
	at sun.reflect.DelegatingMethodAccessorImpl.invoke(DelegatingMethodAccessorImpl.java:25)
	at java.lang.reflect.Method.invoke(Method.java:597)
	at org.apache.maven.surefire.booter.SurefireBooter.runSuitesInProcess(SurefireBooter.java:345)
	at org.apache.maven.surefire.booter.SurefireBooter.main(SurefireBooter.java:1009)
</failure>
  </testcase>
  <testcase time="0" classname="test.glib.models.TestLDot" name="testGetBottomRightPoint">
    <failure message="Not yet implemented" type="junit.framework.AssertionFailedError">junit.framework.AssertionFailedError: Not yet implemented
	at junit.framework.Assert.fail(Assert.java:47)
	at test.glib.models.interfaces.TestIDot.testGetBottomRightPoint(TestIDot.java:113)
	at sun.reflect.NativeMethodAccessorImpl.invoke0(Native Method)
	at sun.reflect.NativeMethodAccessorImpl.invoke(NativeMethodAccessorImpl.java:39)
	at sun.reflect.DelegatingMethodAccessorImpl.invoke(DelegatingMethodAccessorImpl.java:25)
	at java.lang.reflect.Method.invoke(Method.java:597)
	at junit.framework.TestCase.runTest(TestCase.java:168)
	at junit.framework.TestCase.runBare(TestCase.java:134)
	at junit.framework.TestResult$1.protect(TestResult.java:110)
	at junit.framework.TestResult.runProtected(TestResult.java:128)
	at junit.framework.TestResult.run(TestResult.java:113)
	at junit.framework.TestCase.run(TestCase.java:124)
	at junit.framework.TestSuite.runTest(TestSuite.java:232)
	at junit.framework.TestSuite.run(TestSuite.java:227)
	at org.junit.internal.runners.JUnit38ClassRunner.run(JUnit38ClassRunner.java:83)
	at org.apache.maven.surefire.junit4.JUnit4TestSet.execute(JUnit4TestSet.java:62)
	at org.apache.maven.surefire.suite.AbstractDirectoryTestSuite.executeTestSet(AbstractDirectoryTestSuite.java:140)
	at org.apache.maven.surefire.suite.AbstractDirectoryTestSuite.execute(AbstractDirectoryTestSuite.java:127)
	at org.apache.maven.surefire.Surefire.run(Surefire.java:177)
	at sun.reflect.NativeMethodAccessorImpl.invoke0(Native Method)
	at sun.reflect.NativeMethodAccessorImpl.invoke(NativeMethodAccessorImpl.java:39)
	at sun.reflect.DelegatingMethodAccessorImpl.invoke(DelegatingMethodAccessorImpl.java:25)
	at java.lang.reflect.Method.invoke(Method.java:597)
	at org.apache.maven.surefire.booter.SurefireBooter.runSuitesInProcess(SurefireBooter.java:345)
	at org.apache.maven.surefire.booter.SurefireBooter.main(SurefireBooter.java:1009)
</failure>
  </testcase>
  <testcase time="0" classname="test.glib.models.TestLDot" name="testGetTopLeftPoint">
    <failure message="Not yet implemented" type="junit.framework.AssertionFailedError">junit.framework.AssertionFailedError: Not yet implemented
	at junit.framework.Assert.fail(Assert.java:47)
	at test.glib.models.interfaces.TestIDot.testGetTopLeftPoint(TestIDot.java:119)
	at sun.reflect.NativeMethodAccessorImpl.invoke0(Native Method)
	at sun.reflect.NativeMethodAccessorImpl.invoke(NativeMethodAccessorImpl.java:39)
	at sun.reflect.DelegatingMethodAccessorImpl.invoke(DelegatingMethodAccessorImpl.java:25)
	at java.lang.reflect.Method.invoke(Method.java:597)
	at junit.framework.TestCase.runTest(TestCase.java:168)
	at junit.framework.TestCase.runBare(TestCase.java:134)
	at junit.framework.TestResult$1.protect(TestResult.java:110)
	at junit.framework.TestResult.runProtected(TestResult.java:128)
	at junit.framework.TestResult.run(TestResult.java:113)
	at junit.framework.TestCase.run(TestCase.java:124)
	at junit.framework.TestSuite.runTest(TestSuite.java:232)
	at junit.framework.TestSuite.run(TestSuite.java:227)
	at org.junit.internal.runners.JUnit38ClassRunner.run(JUnit38ClassRunner.java:83)
	at org.apache.maven.surefire.junit4.JUnit4TestSet.execute(JUnit4TestSet.java:62)
	at org.apache.maven.surefire.suite.AbstractDirectoryTestSuite.executeTestSet(AbstractDirectoryTestSuite.java:140)
	at org.apache.maven.surefire.suite.AbstractDirectoryTestSuite.execute(AbstractDirectoryTestSuite.java:127)
	at org.apache.maven.surefire.Surefire.run(Surefire.java:177)
	at sun.reflect.NativeMethodAccessorImpl.invoke0(Native Method)
	at sun.reflect.NativeMethodAccessorImpl.invoke(NativeMethodAccessorImpl.java:39)
	at sun.reflect.DelegatingMethodAccessorImpl.invoke(DelegatingMethodAccessorImpl.java:25)
	at java.lang.reflect.Method.invoke(Method.java:597)
	at org.apache.maven.surefire.booter.SurefireBooter.runSuitesInProcess(SurefireBooter.java:345)
	at org.apache.maven.surefire.booter.SurefireBooter.main(SurefireBooter.java:1009)
</failure>
  </testcase>
  <testcase time="0" classname="test.glib.models.TestLDot" name="testGetTopRightPoint">
    <failure message="Not yet implemented" type="junit.framework.AssertionFailedError">junit.framework.AssertionFailedError: Not yet implemented
	at junit.framework.Assert.fail(Assert.java:47)
	at test.glib.models.interfaces.TestIDot.testGetTopRightPoint(TestIDot.java:125)
	at sun.reflect.NativeMethodAccessorImpl.invoke0(Native Method)
	at sun.reflect.NativeMethodAccessorImpl.invoke(NativeMethodAccessorImpl.java:39)
	at sun.reflect.DelegatingMethodAccessorImpl.invoke(DelegatingMethodAccessorImpl.java:25)
	at java.lang.reflect.Method.invoke(Method.java:597)
	at junit.framework.TestCase.runTest(TestCase.java:168)
	at junit.framework.TestCase.runBare(TestCase.java:134)
	at junit.framework.TestResult$1.protect(TestResult.java:110)
	at junit.framework.TestResult.runProtected(TestResult.java:128)
	at junit.framework.TestResult.run(TestResult.java:113)
	at junit.framework.TestCase.run(TestCase.java:124)
	at junit.framework.TestSuite.runTest(TestSuite.java:232)
	at junit.framework.TestSuite.run(TestSuite.java:227)
	at org.junit.internal.runners.JUnit38ClassRunner.run(JUnit38ClassRunner.java:83)
	at org.apache.maven.surefire.junit4.JUnit4TestSet.execute(JUnit4TestSet.java:62)
	at org.apache.maven.surefire.suite.AbstractDirectoryTestSuite.executeTestSet(AbstractDirectoryTestSuite.java:140)
	at org.apache.maven.surefire.suite.AbstractDirectoryTestSuite.execute(AbstractDirectoryTestSuite.java:127)
	at org.apache.maven.surefire.Surefire.run(Surefire.java:177)
	at sun.reflect.NativeMethodAccessorImpl.invoke0(Native Method)
	at sun.reflect.NativeMethodAccessorImpl.invoke(NativeMethodAccessorImpl.java:39)
	at sun.reflect.DelegatingMethodAccessorImpl.invoke(DelegatingMethodAccessorImpl.java:25)
	at java.lang.reflect.Method.invoke(Method.java:597)
	at org.apache.maven.surefire.booter.SurefireBooter.runSuitesInProcess(SurefireBooter.java:345)
	at org.apache.maven.surefire.booter.SurefireBooter.main(SurefireBooter.java:1009)
</failure>
  </testcase>
  <testcase time="0" classname="test.glib.models.TestLDot" name="testMirrorHorizontal"/>
  <testcase time="0" classname="test.glib.models.TestLDot" name="testMirrorVertical"/>
  <testcase time="0" classname="test.glib.models.TestLDot" name="testScaleNorth"/>
  <testcase time="0" classname="test.glib.models.TestLDot" name="testScaleSouth"/>
  <testcase time="0" classname="test.glib.models.TestLDot" name="testScaleWest"/>
  <testcase time="0" classname="test.glib.models.TestLDot" name="testGetSetDotStyle"/>
  <testcase time="0" classname="test.glib.models.TestLDot" name="testGetSetRadius"/>
  <testcase time="0.001" classname="test.glib.models.TestLDot" name="testScaleEast"/>
  <testcase time="0" classname="test.glib.models.TestLDot" name="testTranslate"/>
  <testcase time="0" classname="test.glib.models.TestLDot" name="testGetSetX"/>
  <testcase time="0" classname="test.glib.models.TestLDot" name="testGetSetY"/>
  <testcase time="0.001" classname="test.glib.models.TestLDot" name="testGetSetPosition"/>
  <testcase time="0" classname="test.glib.models.TestLDot" name="testGetPoints"/>
  <testcase time="0" classname="test.glib.models.TestLDot" name="testDuplicate"/>
  <testcase time="0" classname="test.glib.models.TestLDot" name="testGetNbPoints"/>
  <testcase time="0" classname="test.glib.models.TestLDot" name="testGetPtAt"/>
  <testcase time="0" classname="test.glib.models.TestLDot" name="testGetShadowGap"/>
  <testcase time="0" classname="test.glib.models.TestLDot" name="testGetGravityCentre"/>
  <testcase time="0.001" classname="test.glib.models.TestLDot" name="testGetFullBottomRightPoint"/>
  <testcase time="0" classname="test.glib.models.TestLDot" name="testGetFullTopLeftPoint"/>
  <testcase time="0" classname="test.glib.models.TestLDot" name="testSetHasHatchings"/>
  <testcase time="0.001" classname="test.glib.models.TestLDot" name="testSetHasGradient"/>
  <testcase time="0" classname="test.glib.models.TestLDot" name="testGetSetGradColEnd"/>
  <testcase time="0.001" classname="test.glib.models.TestLDot" name="testGetSetGradColStart"/>
  <testcase time="0.001" classname="test.glib.models.TestLDot" name="testGetSetGradAngle"/>
  <testcase time="0.001" classname="test.glib.models.TestLDot" name="testGetSetGradMidPt"/>
  <testcase time="0" classname="test.glib.models.TestLDot" name="testGetSetHatchingsSep"/>
  <testcase time="0" classname="test.glib.models.TestLDot" name="testGetSetHatchingsCol"/>
  <testcase time="0" classname="test.glib.models.TestLDot" name="testGetSetHatchingsAngle"/>
  <testcase time="0.001" classname="test.glib.models.TestLDot" name="testGetSetHatchingsWidth"/>
  <testcase time="0" classname="test.glib.models.TestLDot" name="testGetSetRotationAngle"/>
  <testcase time="0" classname="test.glib.models.TestLDot" name="testIsSetShowPts"/>
  <testcase time="0" classname="test.glib.models.TestLDot" name="testhasSetDbleBord"/>
  <testcase time="0" classname="test.glib.models.TestLDot" name="testGetSetDbleBordCol"/>
  <testcase time="0" classname="test.glib.models.TestLDot" name="testGetSetDbleBordSep"/>
  <testcase time="0" classname="test.glib.models.TestLDot" name="testHasSetShadow"/>
  <testcase time="0" classname="test.glib.models.TestLDot" name="testGetSetShadowCol"/>
  <testcase time="0" classname="test.glib.models.TestLDot" name="testGetSetShadowAngle"/>
  <testcase time="0.001" classname="test.glib.models.TestLDot" name="testGetArrows"/>
  <testcase time="0" classname="test.glib.models.TestLDot" name="testGetArrowAt"/>
  <testcase time="0" classname="test.glib.models.TestLDot" name="testIsSetFilled"/>
  <testcase time="0" classname="test.glib.models.TestLDot" name="testSetNewId"/>
  <testcase time="0" classname="test.glib.models.TestLDot" name="testAddToRotationAngle"/>
  <testcase time="0" classname="test.glib.models.TestLDot" name="testGetSetShadowSize"/>
  <testcase time="0" classname="test.glib.models.TestLDot" name="testGetSetBorderPosition"/>
  <testcase time="0" classname="test.glib.models.TestLDot" name="testGetSetOpacity"/>
  <testcase time="0" classname="test.glib.models.TestLDot" name="testGetBorderGap"/>
  <testcase time="0" classname="test.glib.models.TestLDot" name="testSetGetThickness"/>
  <testcase time="0" classname="test.glib.models.TestLDot" name="testSetGetLineColour"/>
  <testcase time="0" classname="test.glib.models.TestLDot" name="testSetGetLineStyle"/>
  <testcase time="0.001" classname="test.glib.models.TestLDot" name="testSetGetDashSepWhite"/>
  <testcase time="0" classname="test.glib.models.TestLDot" name="testSetGetDashSepBlack"/>
  <testcase time="0" classname="test.glib.models.TestLDot" name="testSetGetDotSep"/>
  <testcase time="0" classname="test.glib.models.TestLDot" name="testSetGetFillingCol"/>
  <testcase time="0" classname="test.glib.models.TestLDot" name="testSetGetFillingStyle"/>
</testsuite>