<?xml version="1.0" encoding="UTF-8" ?>
<testsuite failures="3" time="0.017" errors="0" skipped="0" tests="23" name="test.glib.views.java2D.TestLSquareView">
  <properties>
[...]
</properties>
  <testcase time="0.002" classname="test.glib.views.java2D.TestLSquareView" name="testContains1"/>
  <testcase time="0.001" classname="test.glib.views.java2D.TestLSquareView" name="testContains2"/>
  <testcase time="0" classname="test.glib.views.java2D.TestLSquareView" name="testIntersects"/>
  <testcase time="0" classname="test.glib.views.java2D.TestLSquareView" name="testIntersectsInto"/>
  <testcase time="0.001" classname="test.glib.views.java2D.TestLSquareView" name="testIntersectsOut"/>
  <testcase time="0.001" classname="test.glib.views.java2D.TestLSquareView" name="testIntersectsMiddle"/>
  <testcase time="0.001" classname="test.glib.views.java2D.TestLSquareView" name="testIntersectsDbleMiddle">
    <failure message="todo" type="junit.framework.AssertionFailedError">junit.framework.AssertionFailedError: todo
	at junit.framework.Assert.fail(Assert.java:47)
	at test.glib.views.java2D.TestLRectangularView.testIntersectsDbleMiddle(TestLRectangularView.java:189)
	at sun.reflect.NativeMethodAccessorImpl.invoke0(Native Method)
	at sun.reflect.NativeMethodAccessorImpl.invoke(NativeMethodAccessorImpl.java:39)
	at sun.reflect.DelegatingMethodAccessorImpl.invoke(DelegatingMethodAccessorImpl.java:25)
	at java.lang.reflect.Method.invoke(Method.java:597)
	at junit.framework.TestCase.runTest(TestCase.java:168)
	at junit.framework.TestCase.runBare(TestCase.java:134)
	at junit.framework.TestResult$1.protect(TestResult.java:110)
	at junit.framework.TestResult.runProtected(TestResult.java:128)
	at junit.framework.TestResult.run(TestResult.java:113)
	at junit.framework.TestCase.run(TestCase.java:124)
	at junit.framework.TestSuite.runTest(TestSuite.java:232)
	at junit.framework.TestSuite.run(TestSuite.java:227)
	at org.junit.internal.runners.JUnit38ClassRunner.run(JUnit38ClassRunner.java:83)
	at org.apache.maven.surefire.junit4.JUnit4TestSet.execute(JUnit4TestSet.java:62)
	at org.apache.maven.surefire.suite.AbstractDirectoryTestSuite.executeTestSet(AbstractDirectoryTestSuite.java:140)
	at org.apache.maven.surefire.suite.AbstractDirectoryTestSuite.execute(AbstractDirectoryTestSuite.java:127)
	at org.apache.maven.surefire.Surefire.run(Surefire.java:177)
	at sun.reflect.NativeMethodAccessorImpl.invoke0(Native Method)
	at sun.reflect.NativeMethodAccessorImpl.invoke(NativeMethodAccessorImpl.java:39)
	at sun.reflect.DelegatingMethodAccessorImpl.invoke(DelegatingMethodAccessorImpl.java:25)
	at java.lang.reflect.Method.invoke(Method.java:597)
	at org.apache.maven.surefire.booter.SurefireBooter.runSuitesInProcess(SurefireBooter.java:345)
	at org.apache.maven.surefire.booter.SurefireBooter.main(SurefireBooter.java:1009)
</failure>
  </testcase>
  <testcase time="0.001" classname="test.glib.views.java2D.TestLSquareView" name="testIntersectsDbleInner">
    <failure message="todo" type="junit.framework.AssertionFailedError">junit.framework.AssertionFailedError: todo
	at junit.framework.Assert.fail(Assert.java:47)
	at test.glib.views.java2D.TestLRectangularView.testIntersectsDbleInner(TestLRectangularView.java:196)
	at sun.reflect.NativeMethodAccessorImpl.invoke0(Native Method)
	at sun.reflect.NativeMethodAccessorImpl.invoke(NativeMethodAccessorImpl.java:39)
	at sun.reflect.DelegatingMethodAccessorImpl.invoke(DelegatingMethodAccessorImpl.java:25)
	at java.lang.reflect.Method.invoke(Method.java:597)
	at junit.framework.TestCase.runTest(TestCase.java:168)
	at junit.framework.TestCase.runBare(TestCase.java:134)
	at junit.framework.TestResult$1.protect(TestResult.java:110)
	at junit.framework.TestResult.runProtected(TestResult.java:128)
	at junit.framework.TestResult.run(TestResult.java:113)
	at junit.framework.TestCase.run(TestCase.java:124)
	at junit.framework.TestSuite.runTest(TestSuite.java:232)
	at junit.framework.TestSuite.run(TestSuite.java:227)
	at org.junit.internal.runners.JUnit38ClassRunner.run(JUnit38ClassRunner.java:83)
	at org.apache.maven.surefire.junit4.JUnit4TestSet.execute(JUnit4TestSet.java:62)
	at org.apache.maven.surefire.suite.AbstractDirectoryTestSuite.executeTestSet(AbstractDirectoryTestSuite.java:140)
	at org.apache.maven.surefire.suite.AbstractDirectoryTestSuite.execute(AbstractDirectoryTestSuite.java:127)
	at org.apache.maven.surefire.Surefire.run(Surefire.java:177)
	at sun.reflect.NativeMethodAccessorImpl.invoke0(Native Method)
	at sun.reflect.NativeMethodAccessorImpl.invoke(NativeMethodAccessorImpl.java:39)
	at sun.reflect.DelegatingMethodAccessorImpl.invoke(DelegatingMethodAccessorImpl.java:25)
	at java.lang.reflect.Method.invoke(Method.java:597)
	at org.apache.maven.surefire.booter.SurefireBooter.runSuitesInProcess(SurefireBooter.java:345)
	at org.apache.maven.surefire.booter.SurefireBooter.main(SurefireBooter.java:1009)
</failure>
  </testcase>
  <testcase time="0" classname="test.glib.views.java2D.TestLSquareView" name="testIntersectsDbleOuter">
    <failure message="todo" type="junit.framework.AssertionFailedError">junit.framework.AssertionFailedError: todo
	at junit.framework.Assert.fail(Assert.java:47)
	at test.glib.views.java2D.TestLRectangularView.testIntersectsDbleOuter(TestLRectangularView.java:203)
	at sun.reflect.NativeMethodAccessorImpl.invoke0(Native Method)
	at sun.reflect.NativeMethodAccessorImpl.invoke(NativeMethodAccessorImpl.java:39)
	at sun.reflect.DelegatingMethodAccessorImpl.invoke(DelegatingMethodAccessorImpl.java:25)
	at java.lang.reflect.Method.invoke(Method.java:597)
	at junit.framework.TestCase.runTest(TestCase.java:168)
	at junit.framework.TestCase.runBare(TestCase.java:134)
	at junit.framework.TestResult$1.protect(TestResult.java:110)
	at junit.framework.TestResult.runProtected(TestResult.java:128)
	at junit.framework.TestResult.run(TestResult.java:113)
	at junit.framework.TestCase.run(TestCase.java:124)
	at junit.framework.TestSuite.runTest(TestSuite.java:232)
	at junit.framework.TestSuite.run(TestSuite.java:227)
	at org.junit.internal.runners.JUnit38ClassRunner.run(JUnit38ClassRunner.java:83)
	at org.apache.maven.surefire.junit4.JUnit4TestSet.execute(JUnit4TestSet.java:62)
	at org.apache.maven.surefire.suite.AbstractDirectoryTestSuite.executeTestSet(AbstractDirectoryTestSuite.java:140)
	at org.apache.maven.surefire.suite.AbstractDirectoryTestSuite.execute(AbstractDirectoryTestSuite.java:127)
	at org.apache.maven.surefire.Surefire.run(Surefire.java:177)
	at sun.reflect.NativeMethodAccessorImpl.invoke0(Native Method)
	at sun.reflect.NativeMethodAccessorImpl.invoke(NativeMethodAccessorImpl.java:39)
	at sun.reflect.DelegatingMethodAccessorImpl.invoke(DelegatingMethodAccessorImpl.java:25)
	at java.lang.reflect.Method.invoke(Method.java:597)
	at org.apache.maven.surefire.booter.SurefireBooter.runSuitesInProcess(SurefireBooter.java:345)
	at org.apache.maven.surefire.booter.SurefireBooter.main(SurefireBooter.java:1009)
</failure>
  </testcase>
  <testcase time="0" classname="test.glib.views.java2D.TestLSquareView" name="testUpdateDblePathInside"/>
  <testcase time="0.001" classname="test.glib.views.java2D.TestLSquareView" name="testUpdateDblePathMiddle"/>
  <testcase time="0.001" classname="test.glib.views.java2D.TestLSquareView" name="testUpdateDblePathOutside"/>
  <testcase time="0.001" classname="test.glib.views.java2D.TestLSquareView" name="testUpdateGeneralPathInside"/>
  <testcase time="0.001" classname="test.glib.views.java2D.TestLSquareView" name="testUpdateGeneralPathMiddle"/>
  <testcase time="0" classname="test.glib.views.java2D.TestLSquareView" name="testUpdateGeneralPathOutside"/>
  <testcase time="0" classname="test.glib.views.java2D.TestLSquareView" name="testPaint"/>
  <testcase time="0" classname="test.glib.views.java2D.TestLSquareView" name="testPaintBorders"/>
  <testcase time="0" classname="test.glib.views.java2D.TestLSquareView" name="testPaintShadow"/>
  <testcase time="0" classname="test.glib.views.java2D.TestLSquareView" name="testPaintShowPointsLines"/>
  <testcase time="0" classname="test.glib.views.java2D.TestLSquareView" name="testPaintShowPointsDots"/>
  <testcase time="0" classname="test.glib.views.java2D.TestLSquareView" name="testPaintFilling"/>
  <testcase time="0.001" classname="test.glib.views.java2D.TestLSquareView" name="testGetView"/>
  <testcase time="0" classname="test.glib.views.java2D.TestLSquareView" name="testUpdate"/>
</testsuite>