<?xml version="1.0" encoding="UTF-8" ?>
<testsuite failures="0" time="0.039" errors="0" skipped="0" tests="71" name="test.glib.models.TestLSquare">
  <properties>
[...]
</properties>
  <testcase time="0.003" classname="test.glib.models.TestLSquare" name="testConstructors"/>
  <testcase time="0.001" classname="test.glib.models.TestLSquare" name="testScale"/>
  <testcase time="0" classname="test.glib.models.TestLSquare" name="testScaleNE"/>
  <testcase time="0.001" classname="test.glib.models.TestLSquare" name="testScaleSE"/>
  <testcase time="0" classname="test.glib.models.TestLSquare" name="testScaleSW"/>
  <testcase time="0.001" classname="test.glib.models.TestLSquare" name="testScaleNW"/>
  <testcase time="0" classname="test.glib.models.TestLSquare" name="testSetTop"/>
  <testcase time="0" classname="test.glib.models.TestLSquare" name="testSetBottom"/>
  <testcase time="0.001" classname="test.glib.models.TestLSquare" name="testSetRight"/>
  <testcase time="0" classname="test.glib.models.TestLSquare" name="testSetLeft"/>
  <testcase time="0" classname="test.glib.models.TestLSquare" name="testGetBottomRightPoint"/>
  <testcase time="0" classname="test.glib.models.TestLSquare" name="testGetTopRightPoint"/>
  <testcase time="0" classname="test.glib.models.TestLSquare" name="testSetWidthHeight"/>
  <testcase time="0.001" classname="test.glib.models.TestLSquare" name="testCopy"/>
  <testcase time="0" classname="test.glib.models.TestLSquare" name="testGetSetLineArc"/>
  <testcase time="0" classname="test.glib.models.TestLSquare" name="testIsSetRound"/>
  <testcase time="0.001" classname="test.glib.models.TestLSquare" name="testTranslate"/>
  <testcase time="0.001" classname="test.glib.models.TestLSquare" name="testHas4Points"/>
  <testcase time="0" classname="test.glib.models.TestLSquare" name="testGetSetWidth"/>
  <testcase time="0" classname="test.glib.models.TestLSquare" name="testGetSetHeight"/>
  <testcase time="0" classname="test.glib.models.TestLSquare" name="testGetNbPoints"/>
  <testcase time="0.001" classname="test.glib.models.TestLSquare" name="testGetPtAt"/>
  <testcase time="0" classname="test.glib.models.TestLSquare" name="testGetBottomLeftPoint"/>
  <testcase time="0" classname="test.glib.models.TestLSquare" name="testGetTopLeftPoint"/>
  <testcase time="0" classname="test.glib.models.TestLSquare" name="testMirrorHorizontal"/>
  <testcase time="0" classname="test.glib.models.TestLSquare" name="testMirrorVertical"/>
  <testcase time="0.001" classname="test.glib.models.TestLSquare" name="testGetSetX"/>
  <testcase time="0.001" classname="test.glib.models.TestLSquare" name="testGetSetY"/>
  <testcase time="0.001" classname="test.glib.models.TestLSquare" name="testGetSetPosition"/>
  <testcase time="0" classname="test.glib.models.TestLSquare" name="testGetPoints"/>
  <testcase time="0.001" classname="test.glib.models.TestLSquare" name="testIsParametersEquals"/>
  <testcase time="0.002" classname="test.glib.models.TestLSquare" name="testDuplicate"/>
  <testcase time="0" classname="test.glib.models.TestLSquare" name="testGetShadowGap"/>
  <testcase time="0" classname="test.glib.models.TestLSquare" name="testGetGravityCentre"/>
  <testcase time="0" classname="test.glib.models.TestLSquare" name="testGetFullBottomRightPoint"/>
  <testcase time="0" classname="test.glib.models.TestLSquare" name="testGetFullTopLeftPoint"/>
  <testcase time="0.001" classname="test.glib.models.TestLSquare" name="testSetHasHatchings"/>
  <testcase time="0" classname="test.glib.models.TestLSquare" name="testSetHasGradient"/>
  <testcase time="0" classname="test.glib.models.TestLSquare" name="testGetSetGradColEnd"/>
  <testcase time="0.001" classname="test.glib.models.TestLSquare" name="testGetSetGradColStart"/>
  <testcase time="0" classname="test.glib.models.TestLSquare" name="testGetSetGradAngle"/>
  <testcase time="0" classname="test.glib.models.TestLSquare" name="testGetSetGradMidPt"/>
  <testcase time="0.001" classname="test.glib.models.TestLSquare" name="testGetSetHatchingsSep"/>
  <testcase time="0" classname="test.glib.models.TestLSquare" name="testGetSetHatchingsCol"/>
  <testcase time="0" classname="test.glib.models.TestLSquare" name="testGetSetHatchingsAngle"/>
  <testcase time="0" classname="test.glib.models.TestLSquare" name="testGetSetHatchingsWidth"/>
  <testcase time="0" classname="test.glib.models.TestLSquare" name="testGetSetRotationAngle"/>
  <testcase time="0" classname="test.glib.models.TestLSquare" name="testIsSetShowPts"/>
  <testcase time="0" classname="test.glib.models.TestLSquare" name="testhasSetDbleBord"/>
  <testcase time="0" classname="test.glib.models.TestLSquare" name="testGetSetDbleBordCol"/>
  <testcase time="0" classname="test.glib.models.TestLSquare" name="testGetSetDbleBordSep"/>
  <testcase time="0" classname="test.glib.models.TestLSquare" name="testHasSetShadow"/>
  <testcase time="0" classname="test.glib.models.TestLSquare" name="testGetSetShadowCol"/>
  <testcase time="0" classname="test.glib.models.TestLSquare" name="testGetSetShadowAngle"/>
  <testcase time="0.001" classname="test.glib.models.TestLSquare" name="testGetArrows"/>
  <testcase time="0" classname="test.glib.models.TestLSquare" name="testGetArrowAt"/>
  <testcase time="0" classname="test.glib.models.TestLSquare" name="testIsSetFilled"/>
  <testcase time="0" classname="test.glib.models.TestLSquare" name="testSetNewId"/>
  <testcase time="0" classname="test.glib.models.TestLSquare" name="testAddToRotationAngle"/>
  <testcase time="0" classname="test.glib.models.TestLSquare" name="testGetSetShadowSize"/>
  <testcase time="0" classname="test.glib.models.TestLSquare" name="testGetSetBorderPosition"/>
  <testcase time="0" classname="test.glib.models.TestLSquare" name="testGetSetOpacity"/>
  <testcase time="0" classname="test.glib.models.TestLSquare" name="testGetBorderGap"/>
  <testcase time="0.001" classname="test.glib.models.TestLSquare" name="testSetGetThickness"/>
  <testcase time="0" classname="test.glib.models.TestLSquare" name="testSetGetLineColour"/>
  <testcase time="0" classname="test.glib.models.TestLSquare" name="testSetGetLineStyle"/>
  <testcase time="0.001" classname="test.glib.models.TestLSquare" name="testSetGetDashSepWhite"/>
  <testcase time="0" classname="test.glib.models.TestLSquare" name="testSetGetDashSepBlack"/>
  <testcase time="0" classname="test.glib.models.TestLSquare" name="testSetGetDotSep"/>
  <testcase time="0.001" classname="test.glib.models.TestLSquare" name="testSetGetFillingCol"/>
  <testcase time="0" classname="test.glib.models.TestLSquare" name="testSetGetFillingStyle"/>
</testsuite>